# JRE version: OpenJDK Runtime Environment Temurin-21.0.10+7 (21.0.10+7) (build 21.0.10+7-LTS)
# Java VM: OpenJDK 64-Bit Server VM Temurin-21.0.10+7 (21.0.10+7-LTS, mixed mode, sharing, tiered, compressed oops, compressed class ptrs, parallel gc, windows-amd64)
GC Precious Log:
 CardTable entry size: 512
 CPUs: 16 total, 16 available
 Memory: 32461M
 Large Page Support: Disabled
 NUMA Support: Disabled
 Compressed Oops: Enabled (32-bit)
 Alignments: Space 512K, Generation 512K, Heap 2M
 Heap Min Capacity: 100M
 Heap Initial Capacity: 100M
 Heap Max Capacity: 2G
 Pre-touch: Disabled
 Parallel Workers: 13
Heap:
 PSYoungGen      total 11264K, used 10837K [0x00000000d5580000, 0x00000000d6500000, 0x0000000100000000)
  eden space 8704K, 100% used [0x00000000d5580000,0x00000000d5e00000,0x00000000d5e00000)
  from space 2560K, 83% used [0x00000000d6080000,0x00000000d6295600,0x00000000d6300000)
  to   space 2560K, 0% used [0x00000000d5e00000,0x00000000d5e00000,0x00000000d6080000)
 ParOldGen       total 136704K, used 136643K [0x0000000080000000, 0x0000000088580000, 0x00000000d5580000)
  object space 136704K, 99% used [0x0000000080000000,0x0000000088570c10,0x0000000088580000)
 Metaspace       used 56875K, committed 58048K, reserved 1114112K
  class space    used 6045K, committed 6528K, reserved 1048576K
GC Heap History (20 events):
Event: 11.343 GC heap after
{Heap after GC invocations=78 (full 2):
 PSYoungGen      total 11264K, used 2057K [0x00000000d5580000, 0x00000000d6580000, 0x0000000100000000)
  eden space 8704K, 0% used [0x00000000d5580000,0x00000000d5580000,0x00000000d5e00000)
  from space 2560K, 80% used [0x00000000d6300000,0x00000000d65026f0,0x00000000d6580000)
  to   space 3072K, 0% used [0x00000000d5f80000,0x00000000d5f80000,0x00000000d6280000)
 ParOldGen       total 117248K, used 117236K [0x0000000080000000, 0x0000000087280000, 0x00000000d5580000)
  object space 117248K, 99% used [0x0000000080000000,0x000000008727d2e8,0x0000000087280000)
 Metaspace       used 56874K, committed 58048K, reserved 1114112K
  class space    used 6045K, committed 6528K, reserved 1048576K
}
Event: 11.365 GC heap before
{Heap before GC invocations=79 (full 2):
 PSYoungGen      total 11264K, used 10761K [0x00000000d5580000, 0x00000000d6580000, 0x0000000100000000)
  eden space 8704K, 100% used [0x00000000d5580000,0x00000000d5e00000,0x00000000d5e00000)
  from space 2560K, 80% used [0x00000000d6300000,0x00000000d65026f0,0x00000000d6580000)
  to   space 3072K, 0% used [0x00000000d5f80000,0x00000000d5f80000,0x00000000d6280000)
 ParOldGen       total 117248K, used 117236K [0x0000000080000000, 0x0000000087280000, 0x00000000d5580000)
  object space 117248K, 99% used [0x0000000080000000,0x000000008727d2e8,0x0000000087280000)
 Metaspace       used 56874K, committed 58048K, reserved 1114112K
  class space    used 6045K, committed 6528K, reserved 1048576K
}
Event: 11.366 GC heap after
{Heap after GC invocations=79 (full 2):
 PSYoungGen      total 11264K, used 2111K [0x00000000d5580000, 0x00000000d6380000, 0x0000000100000000)
  eden space 8704K, 0% used [0x00000000d5580000,0x00000000d5580000,0x00000000d5e00000)
  from space 2560K, 82% used [0x00000000d5f80000,0x00000000d618fd88,0x00000000d6200000)
  to   space 1536K, 0% used [0x00000000d6200000,0x00000000d6200000,0x00000000d6380000)
 ParOldGen       total 119296K, used 119132K [0x0000000080000000, 0x0000000087480000, 0x00000000d5580000)
  object space 119296K, 99% used [0x0000000080000000,0x00000000874570e0,0x0000000087480000)
 Metaspace       used 56874K, committed 58048K, reserved 1114112K
  class space    used 6045K, committed 6528K, reserved 1048576K
}
Event: 11.381 GC heap before
{Heap before GC invocations=80 (full 2):
 PSYoungGen      total 11264K, used 10815K [0x00000000d5580000, 0x00000000d6380000, 0x0000000100000000)
  eden space 8704K, 100% used [0x00000000d5580000,0x00000000d5e00000,0x00000000d5e00000)
  from space 2560K, 82% used [0x00000000d5f80000,0x00000000d618fd88,0x00000000d6200000)
  to   space 1536K, 0% used [0x00000000d6200000,0x00000000d6200000,0x00000000d6380000)
 ParOldGen       total 119296K, used 119132K [0x0000000080000000, 0x0000000087480000, 0x00000000d5580000)
  object space 119296K, 99% used [0x0000000080000000,0x00000000874570e0,0x0000000087480000)
 Metaspace       used 56874K, committed 58048K, reserved 1114112K
  class space    used 6045K, committed 6528K, reserved 1048576K
}
Event: 11.382 GC heap after
{Heap after GC invocations=80 (full 2):
 PSYoungGen      total 10240K, used 1536K [0x00000000d5580000, 0x00000000d6600000, 0x0000000100000000)
  eden space 8704K, 0% used [0x00000000d5580000,0x00000000d5580000,0x00000000d5e00000)
  from space 1536K, 100% used [0x00000000d6200000,0x00000000d6380000,0x00000000d6380000)
  to   space 4096K, 0% used [0x00000000d5e00000,0x00000000d5e00000,0x00000000d6200000)
 ParOldGen       total 121344K, used 121324K [0x0000000080000000, 0x0000000087680000, 0x00000000d5580000)
  object space 121344K, 99% used [0x0000000080000000,0x000000008767b3c0,0x0000000087680000)
 Metaspace       used 56874K, committed 58048K, reserved 1114112K
  class space    used 6045K, committed 6528K, reserved 1048576K
}
Event: 11.415 GC heap before
{Heap before GC invocations=81 (full 2):
 PSYoungGen      total 10240K, used 10240K [0x00000000d5580000, 0x00000000d6600000, 0x0000000100000000)
  eden space 8704K, 100% used [0x00000000d5580000,0x00000000d5e00000,0x00000000d5e00000)
  from space 1536K, 100% used [0x00000000d6200000,0x00000000d6380000,0x00000000d6380000)
  to   space 4096K, 0% used [0x00000000d5e00000,0x00000000d5e00000,0x00000000d6200000)
 ParOldGen       total 121344K, used 121324K [0x0000000080000000, 0x0000000087680000, 0x00000000d5580000)
  object space 121344K, 99% used [0x0000000080000000,0x000000008767b3c0,0x0000000087680000)
 Metaspace       used 56874K, committed 58048K, reserved 1114112K
  class space    used 6045K, committed 6528K, reserved 1048576K
}
Event: 11.416 GC heap after
{Heap after GC invocations=81 (full 2):
 PSYoungGen      total 10752K, used 1984K [0x00000000d5580000, 0x00000000d6400000, 0x0000000100000000)
  eden space 8704K, 0% used [0x00000000d5580000,0x00000000d5580000,0x00000000d5e00000)
  from space 2048K, 96% used [0x00000000d5e00000,0x00000000d5ff0000,0x00000000d6000000)
  to   space 3072K, 0% used [0x00000000d6100000,0x00000000d6100000,0x00000000d6400000)
 ParOldGen       total 123392K, used 122884K [0x0000000080000000, 0x0000000087880000, 0x00000000d5580000)
  object space 123392K, 99% used [0x0000000080000000,0x00000000878013b0,0x0000000087880000)
 Metaspace       used 56874K, committed 58048K, reserved 1114112K
  class space    used 6045K, committed 6528K, reserved 1048576K
}
Event: 11.428 GC heap before
{Heap before GC invocations=82 (full 2):
 PSYoungGen      total 10752K, used 10688K [0x00000000d5580000, 0x00000000d6400000, 0x0000000100000000)
  eden space 8704K, 100% used [0x00000000d5580000,0x00000000d5e00000,0x00000000d5e00000)
  from space 2048K, 96% used [0x00000000d5e00000,0x00000000d5ff0000,0x00000000d6000000)
  to   space 3072K, 0% used [0x00000000d6100000,0x00000000d6100000,0x00000000d6400000)
 ParOldGen       total 123392K, used 122884K [0x0000000080000000, 0x0000000087880000, 0x00000000d5580000)
  object space 123392K, 99% used [0x0000000080000000,0x00000000878013b0,0x0000000087880000)
 Metaspace       used 56874K, committed 58048K, reserved 1114112K
  class space    used 6045K, committed 6528K, reserved 1048576K
}
Event: 11.429 GC heap after
{Heap after GC invocations=82 (full 2):
 PSYoungGen      total 10752K, used 1983K [0x00000000d5580000, 0x00000000d6300000, 0x0000000100000000)
  eden space 8704K, 0% used [0x00000000d5580000,0x00000000d5580000,0x00000000d5e00000)
  from space 2048K, 96% used [0x00000000d6100000,0x00000000d62efe28,0x00000000d6300000)
  to   space 2560K, 0% used [0x00000000d5e00000,0x00000000d5e00000,0x00000000d6080000)
 ParOldGen       total 124928K, used 124699K [0x0000000080000000, 0x0000000087a00000, 0x00000000d5580000)
  object space 124928K, 99% used [0x0000000080000000,0x00000000879c6ce8,0x0000000087a00000)
 Metaspace       used 56874K, committed 58048K, reserved 1114112K
  class space    used 6045K, committed 6528K, reserved 1048576K
}
Event: 11.452 GC heap before
{Heap before GC invocations=83 (full 2):
 PSYoungGen      total 10752K, used 10687K [0x00000000d5580000, 0x00000000d6300000, 0x0000000100000000)
  eden space 8704K, 100% used [0x00000000d5580000,0x00000000d5e00000,0x00000000d5e00000)
  from space 2048K, 96% used [0x00000000d6100000,0x00000000d62efe28,0x00000000d6300000)
  to   space 2560K, 0% used [0x00000000d5e00000,0x00000000d5e00000,0x00000000d6080000)
 ParOldGen       total 124928K, used 124699K [0x0000000080000000, 0x0000000087a00000, 0x00000000d5580000)
  object space 124928K, 99% used [0x0000000080000000,0x00000000879c6ce8,0x0000000087a00000)
 Metaspace       used 56874K, committed 58048K, reserved 1114112K
  class space    used 6045K, committed 6528K, reserved 1048576K
}
Event: 11.453 GC heap after
{Heap after GC invocations=83 (full 2):
 PSYoungGen      total 11264K, used 2337K [0x00000000d5580000, 0x00000000d6300000, 0x0000000100000000)
  eden space 8704K, 0% used [0x00000000d5580000,0x00000000d5580000,0x00000000d5e00000)
  from space 2560K, 91% used [0x00000000d5e00000,0x00000000d60487d8,0x00000000d6080000)
  to   space 2560K, 0% used [0x00000000d6080000,0x00000000d6080000,0x00000000d6300000)
 ParOldGen       total 126976K, used 126542K [0x0000000080000000, 0x0000000087c00000, 0x00000000d5580000)
  object space 126976K, 99% used [0x0000000080000000,0x0000000087b93ab8,0x0000000087c00000)
 Metaspace       used 56874K, committed 58048K, reserved 1114112K
  class space    used 6045K, committed 6528K, reserved 1048576K
}
Event: 11.478 GC heap before
{Heap before GC invocations=84 (full 2):
 PSYoungGen      total 11264K, used 11041K [0x00000000d5580000, 0x00000000d6300000, 0x0000000100000000)
  eden space 8704K, 100% used [0x00000000d5580000,0x00000000d5e00000,0x00000000d5e00000)
  from space 2560K, 91% used [0x00000000d5e00000,0x00000000d60487d8,0x00000000d6080000)
  to   space 2560K, 0% used [0x00000000d6080000,0x00000000d6080000,0x00000000d6300000)
 ParOldGen       total 126976K, used 126542K [0x0000000080000000, 0x0000000087c00000, 0x00000000d5580000)
  object space 126976K, 99% used [0x0000000080000000,0x0000000087b93ab8,0x0000000087c00000)
 Metaspace       used 56874K, committed 58048K, reserved 1114112K
  class space    used 6045K, committed 6528K, reserved 1048576K
}
Event: 11.479 GC heap after
{Heap after GC invocations=84 (full 2):
 PSYoungGen      total 11264K, used 2088K [0x00000000d5580000, 0x00000000d6300000, 0x0000000100000000)
  eden space 8704K, 0% used [0x00000000d5580000,0x00000000d5580000,0x00000000d5e00000)
  from space 2560K, 81% used [0x00000000d6080000,0x00000000d628a1c0,0x00000000d6300000)
  to   space 2560K, 0% used [0x00000000d5e00000,0x00000000d5e00000,0x00000000d6080000)
 ParOldGen       total 129024K, used 128688K [0x0000000080000000, 0x0000000087e00000, 0x00000000d5580000)
  object space 129024K, 99% used [0x0000000080000000,0x0000000087dac3c0,0x0000000087e00000)
 Metaspace       used 56874K, committed 58048K, reserved 1114112K
  class space    used 6045K, committed 6528K, reserved 1048576K
}
Event: 11.506 GC heap before
{Heap before GC invocations=85 (full 2):
 PSYoungGen      total 11264K, used 10792K [0x00000000d5580000, 0x00000000d6300000, 0x0000000100000000)
  eden space 8704K, 100% used [0x00000000d5580000,0x00000000d5e00000,0x00000000d5e00000)
  from space 2560K, 81% used [0x00000000d6080000,0x00000000d628a1c0,0x00000000d6300000)
  to   space 2560K, 0% used [0x00000000d5e00000,0x00000000d5e00000,0x00000000d6080000)
 ParOldGen       total 129024K, used 128688K [0x0000000080000000, 0x0000000087e00000, 0x00000000d5580000)
  object space 129024K, 99% used [0x0000000080000000,0x0000000087dac3c0,0x0000000087e00000)
 Metaspace       used 56874K, committed 58048K, reserved 1114112K
  class space    used 6045K, committed 6528K, reserved 1048576K
}
Event: 11.507 GC heap after
{Heap after GC invocations=85 (full 2):
 PSYoungGen      total 11264K, used 2270K [0x00000000d5580000, 0x00000000d6300000, 0x0000000100000000)
  eden space 8704K, 0% used [0x00000000d5580000,0x00000000d5580000,0x00000000d5e00000)
  from space 2560K, 88% used [0x00000000d5e00000,0x00000000d6037ae0,0x00000000d6080000)
  to   space 2560K, 0% used [0x00000000d6080000,0x00000000d6080000,0x00000000d6300000)
 ParOldGen       total 131072K, used 130565K [0x0000000080000000, 0x0000000088000000, 0x00000000d5580000)
  object space 131072K, 99% used [0x0000000080000000,0x0000000087f815f0,0x0000000088000000)
 Metaspace       used 56874K, committed 58048K, reserved 1114112K
  class space    used 6045K, committed 6528K, reserved 1048576K
}
Event: 11.538 GC heap before
{Heap before GC invocations=86 (full 2):
 PSYoungGen      total 11264K, used 10974K [0x00000000d5580000, 0x00000000d6300000, 0x0000000100000000)
  eden space 8704K, 100% used [0x00000000d5580000,0x00000000d5e00000,0x00000000d5e00000)
  from space 2560K, 88% used [0x00000000d5e00000,0x00000000d6037ae0,0x00000000d6080000)
  to   space 2560K, 0% used [0x00000000d6080000,0x00000000d6080000,0x00000000d6300000)
 ParOldGen       total 131072K, used 130565K [0x0000000080000000, 0x0000000088000000, 0x00000000d5580000)
  object space 131072K, 99% used [0x0000000080000000,0x0000000087f815f0,0x0000000088000000)
 Metaspace       used 56875K, committed 58048K, reserved 1114112K
  class space    used 6045K, committed 6528K, reserved 1048576K
}
Event: 11.539 GC heap after
{Heap after GC invocations=86 (full 2):
 PSYoungGen      total 11264K, used 2219K [0x00000000d5580000, 0x00000000d6300000, 0x0000000100000000)
  eden space 8704K, 0% used [0x00000000d5580000,0x00000000d5580000,0x00000000d5e00000)
  from space 2560K, 86% used [0x00000000d6080000,0x00000000d62aae18,0x00000000d6300000)
  to   space 2560K, 0% used [0x00000000d5e00000,0x00000000d5e00000,0x00000000d6080000)
 ParOldGen       total 133120K, used 132657K [0x0000000080000000, 0x0000000088200000, 0x00000000d5580000)
  object space 133120K, 99% used [0x0000000080000000,0x000000008818c608,0x0000000088200000)
 Metaspace       used 56875K, committed 58048K, reserved 1114112K
  class space    used 6045K, committed 6528K, reserved 1048576K
}
Event: 11.563 GC heap before
{Heap before GC invocations=87 (full 2):
 PSYoungGen      total 11264K, used 10923K [0x00000000d5580000, 0x00000000d6300000, 0x0000000100000000)
  eden space 8704K, 100% used [0x00000000d5580000,0x00000000d5e00000,0x00000000d5e00000)
  from space 2560K, 86% used [0x00000000d6080000,0x00000000d62aae18,0x00000000d6300000)
  to   space 2560K, 0% used [0x00000000d5e00000,0x00000000d5e00000,0x00000000d6080000)
 ParOldGen       total 133120K, used 132657K [0x0000000080000000, 0x0000000088200000, 0x00000000d5580000)
  object space 133120K, 99% used [0x0000000080000000,0x000000008818c608,0x0000000088200000)
 Metaspace       used 56875K, committed 58048K, reserved 1114112K
  class space    used 6045K, committed 6528K, reserved 1048576K
}
Event: 11.564 GC heap after
{Heap after GC invocations=87 (full 2):
 PSYoungGen      total 11264K, used 2000K [0x00000000d5580000, 0x00000000d6300000, 0x0000000100000000)
  eden space 8704K, 0% used [0x00000000d5580000,0x00000000d5580000,0x00000000d5e00000)
  from space 2560K, 78% used [0x00000000d5e00000,0x00000000d5ff41c0,0x00000000d6080000)
  to   space 2560K, 0% used [0x00000000d6080000,0x00000000d6080000,0x00000000d6300000)
 ParOldGen       total 135168K, used 134721K [0x0000000080000000, 0x0000000088400000, 0x00000000d5580000)
  object space 135168K, 99% used [0x0000000080000000,0x0000000088390648,0x0000000088400000)
 Metaspace       used 56875K, committed 58048K, reserved 1114112K
  class space    used 6045K, committed 6528K, reserved 1048576K
}
Event: 11.581 GC heap before
{Heap before GC invocations=88 (full 2):
 PSYoungGen      total 11264K, used 10704K [0x00000000d5580000, 0x00000000d6300000, 0x0000000100000000)
  eden space 8704K, 100% used [0x00000000d5580000,0x00000000d5e00000,0x00000000d5e00000)
  from space 2560K, 78% used [0x00000000d5e00000,0x00000000d5ff41c0,0x00000000d6080000)
  to   space 2560K, 0% used [0x00000000d6080000,0x00000000d6080000,0x00000000d6300000)
 ParOldGen       total 135168K, used 134721K [0x0000000080000000, 0x0000000088400000, 0x00000000d5580000)
  object space 135168K, 99% used [0x0000000080000000,0x0000000088390648,0x0000000088400000)
 Metaspace       used 56875K, committed 58048K, reserved 1114112K
  class space    used 6045K, committed 6528K, reserved 1048576K
}

