# JRE version: Java(TM) SE Runtime Environment (23.0.2+7) (build 23.0.2+7-58)
# Java VM: Java HotSpot(TM) 64-Bit Server VM (23.0.2+7-58, mixed mode, sharing, tiered, compressed oops, compressed class ptrs, serial gc, windows-amd64)
GC Precious Log:
 CardTable entry size: 512
 CPUs: 16 total, 16 available
 Memory: 32461M
 Large Page Support: Disabled
 NUMA Support: Disabled
 Compressed Oops: Enabled (32-bit)
 Heap Min Capacity: 64M
 Heap Initial Capacity: 64M
 Heap Max Capacity: 256M
 Pre-touch: Disabled
Heap:
 def new generation   total 19712K, used 6840K [0x00000000f0000000, 0x00000000f1560000, 0x00000000f5550000)
  eden space 17536K,  26% used [0x00000000f0000000, 0x00000000f048e400, 0x00000000f1120000)
  from space 2176K,  99% used [0x00000000f1340000, 0x00000000f155fff8, 0x00000000f1560000)
  to   space 2176K,   0% used [0x00000000f1120000, 0x00000000f1120000, 0x00000000f1340000)
 tenured generation   total 43712K, used 37385K [0x00000000f5550000, 0x00000000f8000000, 0x0000000100000000)
   the space 43712K,  85% used [0x00000000f5550000, 0x00000000f79d24f8, 0x00000000f8000000)
 Metaspace       used 25805K, committed 26176K, reserved 180224K
  class space    used 3021K, committed 3136K, reserved 114688K
GC Heap History (20 events):
Event: 5.259 GC heap before
{Heap before GC invocations=9 (full 0):
 def new generation   total 19648K, used 18450K [0x00000000f0000000, 0x00000000f1550000, 0x00000000f5550000)
  eden space 17472K, 100% used [0x00000000f0000000, 0x00000000f1110000, 0x00000000f1110000)
  from space 2176K,  44% used [0x00000000f1330000, 0x00000000f1424b98, 0x00000000f1550000)
  to   space 2176K,   0% used [0x00000000f1110000, 0x00000000f1110000, 0x00000000f1330000)
 tenured generation   total 43712K, used 13991K [0x00000000f5550000, 0x00000000f8000000, 0x0000000100000000)
   the space 43712K,  32% used [0x00000000f5550000, 0x00000000f62f9cd0, 0x00000000f8000000)
 Metaspace       used 17056K, committed 17280K, reserved 180224K
  class space    used 1972K, committed 2048K, reserved 114688K
}
Event: 5.263 GC heap after
{Heap after GC invocations=10 (full 0):
 def new generation   total 19648K, used 1678K [0x00000000f0000000, 0x00000000f1550000, 0x00000000f5550000)
  eden space 17472K,   0% used [0x00000000f0000000, 0x00000000f0000000, 0x00000000f1110000)
  from space 2176K,  77% used [0x00000000f1110000, 0x00000000f12b3b18, 0x00000000f1330000)
  to   space 2176K,   0% used [0x00000000f1330000, 0x00000000f1330000, 0x00000000f1550000)
 tenured generation   total 43712K, used 13991K [0x00000000f5550000, 0x00000000f8000000, 0x0000000100000000)
   the space 43712K,  32% used [0x00000000f5550000, 0x00000000f62f9cd0, 0x00000000f8000000)
 Metaspace       used 17056K, committed 17280K, reserved 180224K
  class space    used 1972K, committed 2048K, reserved 114688K
}
Event: 5.368 GC heap before
{Heap before GC invocations=10 (full 0):
 def new generation   total 19648K, used 12933K [0x00000000f0000000, 0x00000000f1550000, 0x00000000f5550000)
  eden space 17472K,  64% used [0x00000000f0000000, 0x00000000f0afda40, 0x00000000f1110000)
  from space 2176K,  77% used [0x00000000f1110000, 0x00000000f12b3b18, 0x00000000f1330000)
  to   space 2176K,   0% used [0x00000000f1330000, 0x00000000f1330000, 0x00000000f1550000)
 tenured generation   total 43712K, used 13991K [0x00000000f5550000, 0x00000000f8000000, 0x0000000100000000)
   the space 43712K,  32% used [0x00000000f5550000, 0x00000000f62f9cd0, 0x00000000f8000000)
 Metaspace       used 17640K, committed 17920K, reserved 180224K
  class space    used 2045K, committed 2176K, reserved 114688K
}
Event: 5.373 GC heap after
{Heap after GC invocations=11 (full 0):
 def new generation   total 19648K, used 1058K [0x00000000f0000000, 0x00000000f1550000, 0x00000000f5550000)
  eden space 17472K,   0% used [0x00000000f0000000, 0x00000000f0000000, 0x00000000f1110000)
  from space 2176K,  48% used [0x00000000f1330000, 0x00000000f1438af0, 0x00000000f1550000)
  to   space 2176K,   0% used [0x00000000f1110000, 0x00000000f1110000, 0x00000000f1330000)
 tenured generation   total 43712K, used 22611K [0x00000000f5550000, 0x00000000f8000000, 0x0000000100000000)
   the space 43712K,  51% used [0x00000000f5550000, 0x00000000f6b64f98, 0x00000000f8000000)
 Metaspace       used 17640K, committed 17920K, reserved 180224K
  class space    used 2045K, committed 2176K, reserved 114688K
}
Event: 5.374 GC heap before
{Heap before GC invocations=11 (full 0):
 def new generation   total 19648K, used 12930K [0x00000000f0000000, 0x00000000f1550000, 0x00000000f5550000)
  eden space 17472K,  67% used [0x00000000f0000000, 0x00000000f0b97fe0, 0x00000000f1110000)
  from space 2176K,  48% used [0x00000000f1330000, 0x00000000f1438af0, 0x00000000f1550000)
  to   space 2176K,   0% used [0x00000000f1110000, 0x00000000f1110000, 0x00000000f1330000)
 tenured generation   total 43712K, used 22611K [0x00000000f5550000, 0x00000000f8000000, 0x0000000100000000)
   the space 43712K,  51% used [0x00000000f5550000, 0x00000000f6b64f98, 0x00000000f8000000)
 Metaspace       used 17640K, committed 17920K, reserved 180224K
  class space    used 2045K, committed 2176K, reserved 114688K
}
Event: 5.378 GC heap after
{Heap after GC invocations=12 (full 0):
 def new generation   total 19648K, used 1058K [0x00000000f0000000, 0x00000000f1550000, 0x00000000f5550000)
  eden space 17472K,   0% used [0x00000000f0000000, 0x00000000f0000000, 0x00000000f1110000)
  from space 2176K,  48% used [0x00000000f1110000, 0x00000000f1218878, 0x00000000f1330000)
  to   space 2176K,   0% used [0x00000000f1330000, 0x00000000f1330000, 0x00000000f1550000)
 tenured generation   total 43712K, used 34131K [0x00000000f5550000, 0x00000000f8000000, 0x0000000100000000)
   the space 43712K,  78% used [0x00000000f5550000, 0x00000000f76a4fa8, 0x00000000f8000000)
 Metaspace       used 17640K, committed 17920K, reserved 180224K
  class space    used 2045K, committed 2176K, reserved 114688K
}
Event: 5.432 GC heap before
{Heap before GC invocations=12 (full 0):
 def new generation   total 19648K, used 18530K [0x00000000f0000000, 0x00000000f1550000, 0x00000000f5550000)
  eden space 17472K, 100% used [0x00000000f0000000, 0x00000000f1110000, 0x00000000f1110000)
  from space 2176K,  48% used [0x00000000f1110000, 0x00000000f1218878, 0x00000000f1330000)
  to   space 2176K,   0% used [0x00000000f1330000, 0x00000000f1330000, 0x00000000f1550000)
 tenured generation   total 43712K, used 34131K [0x00000000f5550000, 0x00000000f8000000, 0x0000000100000000)
   the space 43712K,  78% used [0x00000000f5550000, 0x00000000f76a4fa8, 0x00000000f8000000)
 Metaspace       used 17710K, committed 17984K, reserved 180224K
  class space    used 2048K, committed 2176K, reserved 114688K
}
Event: 5.435 GC heap after
{Heap after GC invocations=13 (full 0):
 def new generation   total 19648K, used 1443K [0x00000000f0000000, 0x00000000f1550000, 0x00000000f5550000)
  eden space 17472K,   0% used [0x00000000f0000000, 0x00000000f0000000, 0x00000000f1110000)
  from space 2176K,  66% used [0x00000000f1330000, 0x00000000f1498e08, 0x00000000f1550000)
  to   space 2176K,   0% used [0x00000000f1110000, 0x00000000f1110000, 0x00000000f1330000)
 tenured generation   total 43712K, used 34131K [0x00000000f5550000, 0x00000000f8000000, 0x0000000100000000)
   the space 43712K,  78% used [0x00000000f5550000, 0x00000000f76a4fa8, 0x00000000f8000000)
 Metaspace       used 17710K, committed 17984K, reserved 180224K
  class space    used 2048K, committed 2176K, reserved 114688K
}
Event: 5.846 GC heap before
{Heap before GC invocations=13 (full 0):
 def new generation   total 19648K, used 18870K [0x00000000f0000000, 0x00000000f1550000, 0x00000000f5550000)
  eden space 17472K,  99% used [0x00000000f0000000, 0x00000000f1104ca8, 0x00000000f1110000)
  from space 2176K,  66% used [0x00000000f1330000, 0x00000000f1498e08, 0x00000000f1550000)
  to   space 2176K,   0% used [0x00000000f1110000, 0x00000000f1110000, 0x00000000f1330000)
 tenured generation   total 43712K, used 34131K [0x00000000f5550000, 0x00000000f8000000, 0x0000000100000000)
   the space 43712K,  78% used [0x00000000f5550000, 0x00000000f76a4fa8, 0x00000000f8000000)
 Metaspace       used 19902K, committed 20224K, reserved 180224K
  class space    used 2297K, committed 2432K, reserved 114688K
}
Event: 5.850 GC heap after
{Heap after GC invocations=14 (full 0):
 def new generation   total 19648K, used 1486K [0x00000000f0000000, 0x00000000f1550000, 0x00000000f5550000)
  eden space 17472K,   0% used [0x00000000f0000000, 0x00000000f0000000, 0x00000000f1110000)
  from space 2176K,  68% used [0x00000000f1110000, 0x00000000f12839a0, 0x00000000f1330000)
  to   space 2176K,   0% used [0x00000000f1330000, 0x00000000f1330000, 0x00000000f1550000)
 tenured generation   total 43712K, used 34819K [0x00000000f5550000, 0x00000000f8000000, 0x0000000100000000)
   the space 43712K,  79% used [0x00000000f5550000, 0x00000000f7750fc0, 0x00000000f8000000)
 Metaspace       used 19902K, committed 20224K, reserved 180224K
  class space    used 2297K, committed 2432K, reserved 114688K
}
Event: 6.026 GC heap before
{Heap before GC invocations=14 (full 0):
 def new generation   total 19648K, used 17808K [0x00000000f0000000, 0x00000000f1550000, 0x00000000f5550000)
  eden space 17472K,  93% used [0x00000000f0000000, 0x00000000f0ff07b8, 0x00000000f1110000)
  from space 2176K,  68% used [0x00000000f1110000, 0x00000000f12839a0, 0x00000000f1330000)
  to   space 2176K,   0% used [0x00000000f1330000, 0x00000000f1330000, 0x00000000f1550000)
 tenured generation   total 43712K, used 34819K [0x00000000f5550000, 0x00000000f8000000, 0x0000000100000000)
   the space 43712K,  79% used [0x00000000f5550000, 0x00000000f7750fc0, 0x00000000f8000000)
 Metaspace       used 20262K, committed 20608K, reserved 180224K
  class space    used 2341K, committed 2496K, reserved 114688K
}
Event: 6.030 GC heap after
{Heap after GC invocations=15 (full 0):
 def new generation   total 19648K, used 931K [0x00000000f0000000, 0x00000000f1550000, 0x00000000f5550000)
  eden space 17472K,   0% used [0x00000000f0000000, 0x00000000f0000000, 0x00000000f1110000)
  from space 2176K,  42% used [0x00000000f1330000, 0x00000000f1418ea8, 0x00000000f1550000)
  to   space 2176K,   0% used [0x00000000f1110000, 0x00000000f1110000, 0x00000000f1330000)
 tenured generation   total 43712K, used 37430K [0x00000000f5550000, 0x00000000f8000000, 0x0000000100000000)
   the space 43712K,  85% used [0x00000000f5550000, 0x00000000f79dd938, 0x00000000f8000000)
 Metaspace       used 20262K, committed 20608K, reserved 180224K
  class space    used 2341K, committed 2496K, reserved 114688K
}
Event: 6.123 GC heap before
{Heap before GC invocations=15 (full 0):
 def new generation   total 19648K, used 8748K [0x00000000f0000000, 0x00000000f1550000, 0x00000000f5550000)
  eden space 17472K,  44% used [0x00000000f0000000, 0x00000000f07a21b0, 0x00000000f1110000)
  from space 2176K,  42% used [0x00000000f1330000, 0x00000000f1418ea8, 0x00000000f1550000)
  to   space 2176K,   0% used [0x00000000f1110000, 0x00000000f1110000, 0x00000000f1330000)
 tenured generation   total 43712K, used 37430K [0x00000000f5550000, 0x00000000f8000000, 0x0000000100000000)
   the space 43712K,  85% used [0x00000000f5550000, 0x00000000f79dd938, 0x00000000f8000000)
 Metaspace       used 21250K, committed 21504K, reserved 180224K
  class space    used 2507K, committed 2624K, reserved 114688K
}
Event: 6.159 GC heap after
{Heap after GC invocations=16 (full 1):
 def new generation   total 19712K, used 0K [0x00000000f0000000, 0x00000000f1560000, 0x00000000f5550000)
  eden space 17536K,   0% used [0x00000000f0000000, 0x00000000f0000000, 0x00000000f1120000)
  from space 2176K,   0% used [0x00000000f1120000, 0x00000000f1120000, 0x00000000f1340000)
  to   space 2176K,   0% used [0x00000000f1340000, 0x00000000f1340000, 0x00000000f1560000)
 tenured generation   total 43712K, used 23015K [0x00000000f5550000, 0x00000000f8000000, 0x0000000100000000)
   the space 43712K,  52% used [0x00000000f5550000, 0x00000000f6bc9e18, 0x00000000f8000000)
 Metaspace       used 21250K, committed 21504K, reserved 180224K
  class space    used 2507K, committed 2624K, reserved 114688K
}
Event: 6.709 GC heap before
{Heap before GC invocations=16 (full 1):
 def new generation   total 19712K, used 17536K [0x00000000f0000000, 0x00000000f1560000, 0x00000000f5550000)
  eden space 17536K, 100% used [0x00000000f0000000, 0x00000000f1120000, 0x00000000f1120000)
  from space 2176K,   0% used [0x00000000f1120000, 0x00000000f1120000, 0x00000000f1340000)
  to   space 2176K,   0% used [0x00000000f1340000, 0x00000000f1340000, 0x00000000f1560000)
 tenured generation   total 43712K, used 23015K [0x00000000f5550000, 0x00000000f8000000, 0x0000000100000000)
   the space 43712K,  52% used [0x00000000f5550000, 0x00000000f6bc9e18, 0x00000000f8000000)
 Metaspace       used 25769K, committed 26048K, reserved 180224K
  class space    used 3021K, committed 3136K, reserved 114688K
}
Event: 6.716 GC heap after
{Heap after GC invocations=17 (full 1):
 def new generation   total 19712K, used 2176K [0x00000000f0000000, 0x00000000f1560000, 0x00000000f5550000)
  eden space 17536K,   0% used [0x00000000f0000000, 0x00000000f0000000, 0x00000000f1120000)
  from space 2176K, 100% used [0x00000000f1340000, 0x00000000f1560000, 0x00000000f1560000)
  to   space 2176K,   0% used [0x00000000f1120000, 0x00000000f1120000, 0x00000000f1340000)
 tenured generation   total 43712K, used 26807K [0x00000000f5550000, 0x00000000f8000000, 0x0000000100000000)
   the space 43712K,  61% used [0x00000000f5550000, 0x00000000f6f7dfa8, 0x00000000f8000000)
 Metaspace       used 25769K, committed 26048K, reserved 180224K
  class space    used 3021K, committed 3136K, reserved 114688K
}
Event: 6.857 GC heap before
{Heap before GC invocations=17 (full 1):
 def new generation   total 19712K, used 19712K [0x00000000f0000000, 0x00000000f1560000, 0x00000000f5550000)
  eden space 17536K, 100% used [0x00000000f0000000, 0x00000000f1120000, 0x00000000f1120000)
  from space 2176K, 100% used [0x00000000f1340000, 0x00000000f1560000, 0x00000000f1560000)
  to   space 2176K,   0% used [0x00000000f1120000, 0x00000000f1120000, 0x00000000f1340000)
 tenured generation   total 43712K, used 26807K [0x00000000f5550000, 0x00000000f8000000, 0x0000000100000000)
   the space 43712K,  61% used [0x00000000f5550000, 0x00000000f6f7dfa8, 0x00000000f8000000)
 Metaspace       used 25794K, committed 26112K, reserved 180224K
  class space    used 3021K, committed 3136K, reserved 114688K
}
Event: 6.863 GC heap after
{Heap after GC invocations=18 (full 1):
 def new generation   total 19712K, used 2175K [0x00000000f0000000, 0x00000000f1560000, 0x00000000f5550000)
  eden space 17536K,   0% used [0x00000000f0000000, 0x00000000f0000000, 0x00000000f1120000)
  from space 2176K,  99% used [0x00000000f1120000, 0x00000000f133fff8, 0x00000000f1340000)
  to   space 2176K,   0% used [0x00000000f1340000, 0x00000000f1340000, 0x00000000f1560000)
 tenured generation   total 43712K, used 32497K [0x00000000f5550000, 0x00000000f8000000, 0x0000000100000000)
   the space 43712K,  74% used [0x00000000f5550000, 0x00000000f750c500, 0x00000000f8000000)
 Metaspace       used 25794K, committed 26112K, reserved 180224K
  class space    used 3021K, committed 3136K, reserved 114688K
}
Event: 7.947 GC heap before
{Heap before GC invocations=18 (full 1):
 def new generation   total 19712K, used 19711K [0x00000000f0000000, 0x00000000f1560000, 0x00000000f5550000)
  eden space 17536K, 100% used [0x00000000f0000000, 0x00000000f1120000, 0x00000000f1120000)
  from space 2176K,  99% used [0x00000000f1120000, 0x00000000f133fff8, 0x00000000f1340000)
  to   space 2176K,   0% used [0x00000000f1340000, 0x00000000f1340000, 0x00000000f1560000)
 tenured generation   total 43712K, used 32497K [0x00000000f5550000, 0x00000000f8000000, 0x0000000100000000)
   the space 43712K,  74% used [0x00000000f5550000, 0x00000000f750c500, 0x00000000f8000000)
 Metaspace       used 25799K, committed 26112K, reserved 180224K
  class space    used 3021K, committed 3136K, reserved 114688K
}
Event: 7.953 GC heap after
{Heap after GC invocations=19 (full 1):
 def new generation   total 19712K, used 2175K [0x00000000f0000000, 0x00000000f1560000, 0x00000000f5550000)
  eden space 17536K,   0% used [0x00000000f0000000, 0x00000000f0000000, 0x00000000f1120000)
  from space 2176K,  99% used [0x00000000f1340000, 0x00000000f155fff8, 0x00000000f1560000)
  to   space 2176K,   0% used [0x00000000f1120000, 0x00000000f1120000, 0x00000000f1340000)
 tenured generation   total 43712K, used 37385K [0x00000000f5550000, 0x00000000f8000000, 0x0000000100000000)
   the space 43712K,  85% used [0x00000000f5550000, 0x00000000f79d24f8, 0x00000000f8000000)
 Metaspace       used 25799K, committed 26112K, reserved 180224K
  class space    used 3021K, committed 3136K, reserved 114688K
}

