# JRE version: OpenJDK Runtime Environment Temurin-21.0.10+7 (21.0.10+7) (build 21.0.10+7-LTS)
# Java VM: OpenJDK 64-Bit Server VM Temurin-21.0.10+7 (21.0.10+7-LTS, mixed mode, sharing, tiered, compressed oops, compressed class ptrs, parallel gc, windows-amd64)
GC Precious Log:
 CardTable entry size: 512
 CPUs: 16 total, 16 available
 Memory: 32461M
 Large Page Support: Disabled
 NUMA Support: Disabled
 Compressed Oops: Enabled (32-bit)
 Alignments: Space 512K, Generation 512K, Heap 2M
 Heap Min Capacity: 100M
 Heap Initial Capacity: 100M
 Heap Max Capacity: 2G
 Pre-touch: Disabled
 Parallel Workers: 13
Heap:
 PSYoungGen      total 6656K, used 1009K [0x00000000d5580000, 0x00000000d5d00000, 0x0000000100000000)
  eden space 5632K, 0% used [0x00000000d5580000,0x00000000d5580000,0x00000000d5b00000)
  from space 1024K, 98% used [0x00000000d5c00000,0x00000000d5cfc700,0x00000000d5d00000)
  to   space 1024K, 0% used [0x00000000d5b00000,0x00000000d5b00000,0x00000000d5c00000)
 ParOldGen       total 234496K, used 234233K [0x0000000080000000, 0x000000008e500000, 0x00000000d5580000)
  object space 234496K, 99% used [0x0000000080000000,0x000000008e4be790,0x000000008e500000)
 Metaspace       used 70095K, committed 71872K, reserved 1114112K
  class space    used 6962K, committed 7744K, reserved 1048576K
GC Heap History (20 events):
Event: 3558.195 GC heap after
{Heap after GC invocations=1936 (full 5):
 PSYoungGen      total 6656K, used 594K [0x00000000d5580000, 0x00000000d5d00000, 0x0000000100000000)
  eden space 5632K, 0% used [0x00000000d5580000,0x00000000d5580000,0x00000000d5b00000)
  from space 1024K, 58% used [0x00000000d5c00000,0x00000000d5c94a38,0x00000000d5d00000)
  to   space 1024K, 0% used [0x00000000d5b00000,0x00000000d5b00000,0x00000000d5c00000)
 ParOldGen       total 228352K, used 228027K [0x0000000080000000, 0x000000008df00000, 0x00000000d5580000)
  object space 228352K, 99% used [0x0000000080000000,0x000000008deaedd0,0x000000008df00000)
 Metaspace       used 70095K, committed 71872K, reserved 1114112K
  class space    used 6962K, committed 7744K, reserved 1048576K
}
Event: 3558.198 GC heap before
{Heap before GC invocations=1937 (full 5):
 PSYoungGen      total 6656K, used 6226K [0x00000000d5580000, 0x00000000d5d00000, 0x0000000100000000)
  eden space 5632K, 100% used [0x00000000d5580000,0x00000000d5b00000,0x00000000d5b00000)
  from space 1024K, 58% used [0x00000000d5c00000,0x00000000d5c94a38,0x00000000d5d00000)
  to   space 1024K, 0% used [0x00000000d5b00000,0x00000000d5b00000,0x00000000d5c00000)
 ParOldGen       total 228352K, used 228027K [0x0000000080000000, 0x000000008df00000, 0x00000000d5580000)
  object space 228352K, 99% used [0x0000000080000000,0x000000008deaedd0,0x000000008df00000)
 Metaspace       used 70095K, committed 71872K, reserved 1114112K
  class space    used 6962K, committed 7744K, reserved 1048576K
}
Event: 3558.199 GC heap after
{Heap after GC invocations=1937 (full 5):
 PSYoungGen      total 6656K, used 719K [0x00000000d5580000, 0x00000000d5d00000, 0x0000000100000000)
  eden space 5632K, 0% used [0x00000000d5580000,0x00000000d5580000,0x00000000d5b00000)
  from space 1024K, 70% used [0x00000000d5b00000,0x00000000d5bb3d80,0x00000000d5c00000)
  to   space 1024K, 0% used [0x00000000d5c00000,0x00000000d5c00000,0x00000000d5d00000)
 ParOldGen       total 228864K, used 228501K [0x0000000080000000, 0x000000008df80000, 0x00000000d5580000)
  object space 228864K, 99% used [0x0000000080000000,0x000000008df257b0,0x000000008df80000)
 Metaspace       used 70095K, committed 71872K, reserved 1114112K
  class space    used 6962K, committed 7744K, reserved 1048576K
}
Event: 3558.202 GC heap before
{Heap before GC invocations=1938 (full 5):
 PSYoungGen      total 6656K, used 6351K [0x00000000d5580000, 0x00000000d5d00000, 0x0000000100000000)
  eden space 5632K, 100% used [0x00000000d5580000,0x00000000d5b00000,0x00000000d5b00000)
  from space 1024K, 70% used [0x00000000d5b00000,0x00000000d5bb3d80,0x00000000d5c00000)
  to   space 1024K, 0% used [0x00000000d5c00000,0x00000000d5c00000,0x00000000d5d00000)
 ParOldGen       total 228864K, used 228501K [0x0000000080000000, 0x000000008df80000, 0x00000000d5580000)
  object space 228864K, 99% used [0x0000000080000000,0x000000008df257b0,0x000000008df80000)
 Metaspace       used 70095K, committed 71872K, reserved 1114112K
  class space    used 6962K, committed 7744K, reserved 1048576K
}
Event: 3558.203 GC heap after
{Heap after GC invocations=1938 (full 5):
 PSYoungGen      total 6656K, used 721K [0x00000000d5580000, 0x00000000d5d00000, 0x0000000100000000)
  eden space 5632K, 0% used [0x00000000d5580000,0x00000000d5580000,0x00000000d5b00000)
  from space 1024K, 70% used [0x00000000d5c00000,0x00000000d5cb4608,0x00000000d5d00000)
  to   space 1024K, 0% used [0x00000000d5b00000,0x00000000d5b00000,0x00000000d5c00000)
 ParOldGen       total 229376K, used 228976K [0x0000000080000000, 0x000000008e000000, 0x00000000d5580000)
  object space 229376K, 99% used [0x0000000080000000,0x000000008df9c108,0x000000008e000000)
 Metaspace       used 70095K, committed 71872K, reserved 1114112K
  class space    used 6962K, committed 7744K, reserved 1048576K
}
Event: 3558.208 GC heap before
{Heap before GC invocations=1939 (full 5):
 PSYoungGen      total 6656K, used 6353K [0x00000000d5580000, 0x00000000d5d00000, 0x0000000100000000)
  eden space 5632K, 100% used [0x00000000d5580000,0x00000000d5b00000,0x00000000d5b00000)
  from space 1024K, 70% used [0x00000000d5c00000,0x00000000d5cb4608,0x00000000d5d00000)
  to   space 1024K, 0% used [0x00000000d5b00000,0x00000000d5b00000,0x00000000d5c00000)
 ParOldGen       total 229376K, used 228976K [0x0000000080000000, 0x000000008e000000, 0x00000000d5580000)
  object space 229376K, 99% used [0x0000000080000000,0x000000008df9c108,0x000000008e000000)
 Metaspace       used 70095K, committed 71872K, reserved 1114112K
  class space    used 6962K, committed 7744K, reserved 1048576K
}
Event: 3558.209 GC heap after
{Heap after GC invocations=1939 (full 5):
 PSYoungGen      total 6656K, used 960K [0x00000000d5580000, 0x00000000d5d00000, 0x0000000100000000)
  eden space 5632K, 0% used [0x00000000d5580000,0x00000000d5580000,0x00000000d5b00000)
  from space 1024K, 93% used [0x00000000d5b00000,0x00000000d5bf0000,0x00000000d5c00000)
  to   space 1024K, 0% used [0x00000000d5c00000,0x00000000d5c00000,0x00000000d5d00000)
 ParOldGen       total 229888K, used 229486K [0x0000000080000000, 0x000000008e080000, 0x00000000d5580000)
  object space 229888K, 99% used [0x0000000080000000,0x000000008e01b918,0x000000008e080000)
 Metaspace       used 70095K, committed 71872K, reserved 1114112K
  class space    used 6962K, committed 7744K, reserved 1048576K
}
Event: 3558.213 GC heap before
{Heap before GC invocations=1940 (full 5):
 PSYoungGen      total 6656K, used 6592K [0x00000000d5580000, 0x00000000d5d00000, 0x0000000100000000)
  eden space 5632K, 100% used [0x00000000d5580000,0x00000000d5b00000,0x00000000d5b00000)
  from space 1024K, 93% used [0x00000000d5b00000,0x00000000d5bf0000,0x00000000d5c00000)
  to   space 1024K, 0% used [0x00000000d5c00000,0x00000000d5c00000,0x00000000d5d00000)
 ParOldGen       total 229888K, used 229486K [0x0000000080000000, 0x000000008e080000, 0x00000000d5580000)
  object space 229888K, 99% used [0x0000000080000000,0x000000008e01b918,0x000000008e080000)
 Metaspace       used 70095K, committed 71872K, reserved 1114112K
  class space    used 6962K, committed 7744K, reserved 1048576K
}
Event: 3558.214 GC heap after
{Heap after GC invocations=1940 (full 5):
 PSYoungGen      total 6656K, used 657K [0x00000000d5580000, 0x00000000d5d00000, 0x0000000100000000)
  eden space 5632K, 0% used [0x00000000d5580000,0x00000000d5580000,0x00000000d5b00000)
  from space 1024K, 64% used [0x00000000d5c00000,0x00000000d5ca44f0,0x00000000d5d00000)
  to   space 1024K, 0% used [0x00000000d5b00000,0x00000000d5b00000,0x00000000d5c00000)
 ParOldGen       total 230400K, used 230299K [0x0000000080000000, 0x000000008e100000, 0x00000000d5580000)
  object space 230400K, 99% used [0x0000000080000000,0x000000008e0e6f20,0x000000008e100000)
 Metaspace       used 70095K, committed 71872K, reserved 1114112K
  class space    used 6962K, committed 7744K, reserved 1048576K
}
Event: 3558.218 GC heap before
{Heap before GC invocations=1941 (full 5):
 PSYoungGen      total 6656K, used 6289K [0x00000000d5580000, 0x00000000d5d00000, 0x0000000100000000)
  eden space 5632K, 100% used [0x00000000d5580000,0x00000000d5b00000,0x00000000d5b00000)
  from space 1024K, 64% used [0x00000000d5c00000,0x00000000d5ca44f0,0x00000000d5d00000)
  to   space 1024K, 0% used [0x00000000d5b00000,0x00000000d5b00000,0x00000000d5c00000)
 ParOldGen       total 230400K, used 230299K [0x0000000080000000, 0x000000008e100000, 0x00000000d5580000)
  object space 230400K, 99% used [0x0000000080000000,0x000000008e0e6f20,0x000000008e100000)
 Metaspace       used 70095K, committed 71872K, reserved 1114112K
  class space    used 6962K, committed 7744K, reserved 1048576K
}
Event: 3558.219 GC heap after
{Heap after GC invocations=1941 (full 5):
 PSYoungGen      total 6656K, used 664K [0x00000000d5580000, 0x00000000d5d00000, 0x0000000100000000)
  eden space 5632K, 0% used [0x00000000d5580000,0x00000000d5580000,0x00000000d5b00000)
  from space 1024K, 64% used [0x00000000d5b00000,0x00000000d5ba62a8,0x00000000d5c00000)
  to   space 1024K, 0% used [0x00000000d5c00000,0x00000000d5c00000,0x00000000d5d00000)
 ParOldGen       total 230912K, used 230849K [0x0000000080000000, 0x000000008e180000, 0x00000000d5580000)
  object space 230912K, 99% used [0x0000000080000000,0x000000008e170778,0x000000008e180000)
 Metaspace       used 70095K, committed 71872K, reserved 1114112K
  class space    used 6962K, committed 7744K, reserved 1048576K
}
Event: 3558.224 GC heap before
{Heap before GC invocations=1942 (full 5):
 PSYoungGen      total 6656K, used 6296K [0x00000000d5580000, 0x00000000d5d00000, 0x0000000100000000)
  eden space 5632K, 100% used [0x00000000d5580000,0x00000000d5b00000,0x00000000d5b00000)
  from space 1024K, 64% used [0x00000000d5b00000,0x00000000d5ba62a8,0x00000000d5c00000)
  to   space 1024K, 0% used [0x00000000d5c00000,0x00000000d5c00000,0x00000000d5d00000)
 ParOldGen       total 230912K, used 230849K [0x0000000080000000, 0x000000008e180000, 0x00000000d5580000)
  object space 230912K, 99% used [0x0000000080000000,0x000000008e170778,0x000000008e180000)
 Metaspace       used 70095K, committed 71872K, reserved 1114112K
  class space    used 6962K, committed 7744K, reserved 1048576K
}
Event: 3558.225 GC heap after
{Heap after GC invocations=1942 (full 5):
 PSYoungGen      total 6656K, used 800K [0x00000000d5580000, 0x00000000d5d00000, 0x0000000100000000)
  eden space 5632K, 0% used [0x00000000d5580000,0x00000000d5580000,0x00000000d5b00000)
  from space 1024K, 78% used [0x00000000d5c00000,0x00000000d5cc8000,0x00000000d5d00000)
  to   space 1024K, 0% used [0x00000000d5b00000,0x00000000d5b00000,0x00000000d5c00000)
 ParOldGen       total 231424K, used 231368K [0x0000000080000000, 0x000000008e200000, 0x00000000d5580000)
  object space 231424K, 99% used [0x0000000080000000,0x000000008e1f2248,0x000000008e200000)
 Metaspace       used 70095K, committed 71872K, reserved 1114112K
  class space    used 6962K, committed 7744K, reserved 1048576K
}
Event: 3558.229 GC heap before
{Heap before GC invocations=1943 (full 5):
 PSYoungGen      total 6656K, used 6432K [0x00000000d5580000, 0x00000000d5d00000, 0x0000000100000000)
  eden space 5632K, 100% used [0x00000000d5580000,0x00000000d5b00000,0x00000000d5b00000)
  from space 1024K, 78% used [0x00000000d5c00000,0x00000000d5cc8000,0x00000000d5d00000)
  to   space 1024K, 0% used [0x00000000d5b00000,0x00000000d5b00000,0x00000000d5c00000)
 ParOldGen       total 231424K, used 231368K [0x0000000080000000, 0x000000008e200000, 0x00000000d5580000)
  object space 231424K, 99% used [0x0000000080000000,0x000000008e1f2248,0x000000008e200000)
 Metaspace       used 70095K, committed 71872K, reserved 1114112K
  class space    used 6962K, committed 7744K, reserved 1048576K
}
Event: 3558.231 GC heap after
{Heap after GC invocations=1943 (full 5):
 PSYoungGen      total 6656K, used 803K [0x00000000d5580000, 0x00000000d5d00000, 0x0000000100000000)
  eden space 5632K, 0% used [0x00000000d5580000,0x00000000d5580000,0x00000000d5b00000)
  from space 1024K, 78% used [0x00000000d5b00000,0x00000000d5bc8df8,0x00000000d5c00000)
  to   space 1024K, 0% used [0x00000000d5c00000,0x00000000d5c00000,0x00000000d5d00000)
 ParOldGen       total 232448K, used 232050K [0x0000000080000000, 0x000000008e300000, 0x00000000d5580000)
  object space 232448K, 99% used [0x0000000080000000,0x000000008e29cba8,0x000000008e300000)
 Metaspace       used 70095K, committed 71872K, reserved 1114112K
  class space    used 6962K, committed 7744K, reserved 1048576K
}
Event: 3558.235 GC heap before
{Heap before GC invocations=1944 (full 5):
 PSYoungGen      total 6656K, used 6435K [0x00000000d5580000, 0x00000000d5d00000, 0x0000000100000000)
  eden space 5632K, 100% used [0x00000000d5580000,0x00000000d5b00000,0x00000000d5b00000)
  from space 1024K, 78% used [0x00000000d5b00000,0x00000000d5bc8df8,0x00000000d5c00000)
  to   space 1024K, 0% used [0x00000000d5c00000,0x00000000d5c00000,0x00000000d5d00000)
 ParOldGen       total 232448K, used 232050K [0x0000000080000000, 0x000000008e300000, 0x00000000d5580000)
  object space 232448K, 99% used [0x0000000080000000,0x000000008e29cba8,0x000000008e300000)
 Metaspace       used 70095K, committed 71872K, reserved 1114112K
  class space    used 6962K, committed 7744K, reserved 1048576K
}
Event: 3558.236 GC heap after
{Heap after GC invocations=1944 (full 5):
 PSYoungGen      total 6656K, used 689K [0x00000000d5580000, 0x00000000d5d00000, 0x0000000100000000)
  eden space 5632K, 0% used [0x00000000d5580000,0x00000000d5580000,0x00000000d5b00000)
  from space 1024K, 67% used [0x00000000d5c00000,0x00000000d5cac578,0x00000000d5d00000)
  to   space 1024K, 0% used [0x00000000d5b00000,0x00000000d5b00000,0x00000000d5c00000)
 ParOldGen       total 232960K, used 232515K [0x0000000080000000, 0x000000008e380000, 0x00000000d5580000)
  object space 232960K, 99% used [0x0000000080000000,0x000000008e310f18,0x000000008e380000)
 Metaspace       used 70095K, committed 71872K, reserved 1114112K
  class space    used 6962K, committed 7744K, reserved 1048576K
}
Event: 3558.241 GC heap before
{Heap before GC invocations=1945 (full 5):
 PSYoungGen      total 6656K, used 6321K [0x00000000d5580000, 0x00000000d5d00000, 0x0000000100000000)
  eden space 5632K, 100% used [0x00000000d5580000,0x00000000d5b00000,0x00000000d5b00000)
  from space 1024K, 67% used [0x00000000d5c00000,0x00000000d5cac578,0x00000000d5d00000)
  to   space 1024K, 0% used [0x00000000d5b00000,0x00000000d5b00000,0x00000000d5c00000)
 ParOldGen       total 232960K, used 232515K [0x0000000080000000, 0x000000008e380000, 0x00000000d5580000)
  object space 232960K, 99% used [0x0000000080000000,0x000000008e310f18,0x000000008e380000)
 Metaspace       used 70095K, committed 71872K, reserved 1114112K
  class space    used 6962K, committed 7744K, reserved 1048576K
}
Event: 3558.242 GC heap after
{Heap after GC invocations=1945 (full 5):
 PSYoungGen      total 6656K, used 904K [0x00000000d5580000, 0x00000000d5d00000, 0x0000000100000000)
  eden space 5632K, 0% used [0x00000000d5580000,0x00000000d5580000,0x00000000d5b00000)
  from space 1024K, 88% used [0x00000000d5b00000,0x00000000d5be20a0,0x00000000d5c00000)
  to   space 1024K, 0% used [0x00000000d5c00000,0x00000000d5c00000,0x00000000d5d00000)
 ParOldGen       total 233472K, used 233055K [0x0000000080000000, 0x000000008e400000, 0x00000000d5580000)
  object space 233472K, 99% used [0x0000000080000000,0x000000008e397ef0,0x000000008e400000)
 Metaspace       used 70095K, committed 71872K, reserved 1114112K
  class space    used 6962K, committed 7744K, reserved 1048576K
}
Event: 3558.285 GC heap before
{Heap before GC invocations=1946 (full 5):
 PSYoungGen      total 6656K, used 6536K [0x00000000d5580000, 0x00000000d5d00000, 0x0000000100000000)
  eden space 5632K, 100% used [0x00000000d5580000,0x00000000d5b00000,0x00000000d5b00000)
  from space 1024K, 88% used [0x00000000d5b00000,0x00000000d5be20a0,0x00000000d5c00000)
  to   space 1024K, 0% used [0x00000000d5c00000,0x00000000d5c00000,0x00000000d5d00000)
 ParOldGen       total 233984K, used 233472K [0x0000000080000000, 0x000000008e480000, 0x00000000d5580000)
  object space 233984K, 99% used [0x0000000080000000,0x000000008e400208,0x000000008e480000)
 Metaspace       used 70095K, committed 71872K, reserved 1114112K
  class space    used 6962K, committed 7744K, reserved 1048576K
}

